<?xml version="1.0" encoding="UTF-8"?>
<testng-results ignored="0" total="1" passed="0" failed="1" skipped="0">
  <reporter-output>
  </reporter-output>
  <suite started-at="2024-09-23T13:22:40 UTC" name="Suite" finished-at="2024-09-23T13:22:43 UTC" duration-ms="3538">
    <groups>
    </groups>
    <test started-at="2024-09-23T13:22:40 UTC" name="Test1" finished-at="2024-09-23T13:22:43 UTC" duration-ms="3538">
      <class name="testCases.LoginPageTestCases">
        <test-method is-config="true" signature="myCommonMain()[pri:0, instance:testCases.LoginPageTestCases@776aec5c]" started-at="2024-09-23T13:22:35 UTC" name="myCommonMain" finished-at="2024-09-23T13:22:40 UTC" duration-ms="4126" status="PASS">
          <reporter-output>
          </reporter-output>
        </test-method> <!-- myCommonMain -->
        <test-method signature="LoginMethod(java.lang.String,java.lang.String)[pri:0, instance:testCases.LoginPageTestCases@776aec5c]" started-at="2024-09-23T13:22:41 UTC" name="LoginMethod" data-provider="myExcelDataRead" finished-at="2024-09-23T13:22:43 UTC" duration-ms="1917" status="FAIL">
          <params>
            <param index="0">
              <value>
                <![CDATA[euvdev]]>
              </value>
            </param>
            <param index="1">
              <value>
                <![CDATA[pass@123]]>
              </value>
            </param>
          </params>
          <exception class="java.lang.AssertionError">
            <message>
              <![CDATA[expected [true] but found [false]]]>
            </message>
            <full-stacktrace>
              <![CDATA[java.lang.AssertionError: expected [true] but found [false]
at org.testng.Assert.fail(Assert.java:111)
at org.testng.Assert.failNotEquals(Assert.java:1578)
at org.testng.Assert.assertTrue(Assert.java:57)
at org.testng.Assert.assertTrue(Assert.java:67)
at testCases.LoginPageTestCases.LoginMethod(LoginPageTestCases.java:22)
at java.base/jdk.internal.reflect.NativeMethodAccessorImpl.invoke0(Native Method)
at java.base/jdk.internal.reflect.NativeMethodAccessorImpl.invoke(NativeMethodAccessorImpl.java:77)
at java.base/jdk.internal.reflect.DelegatingMethodAccessorImpl.invoke(DelegatingMethodAccessorImpl.java:43)
at java.base/java.lang.reflect.Method.invoke(Method.java:568)
at org.testng.internal.invokers.MethodInvocationHelper.invokeMethod(MethodInvocationHelper.java:141)
at org.testng.internal.invokers.TestInvoker.invokeMethod(TestInvoker.java:686)
at org.testng.internal.invokers.TestInvoker.invokeTestMethod(TestInvoker.java:230)
at org.testng.internal.invokers.MethodRunner.runInSequence(MethodRunner.java:63)
at org.testng.internal.invokers.TestInvoker$MethodInvocationAgent.invoke(TestInvoker.java:992)
at org.testng.internal.invokers.TestInvoker.invokeTestMethods(TestInvoker.java:203)
at org.testng.internal.invokers.TestMethodWorker.invokeTestMethods(TestMethodWorker.java:154)
at org.testng.internal.invokers.TestMethodWorker.run(TestMethodWorker.java:134)
at java.base/java.util.ArrayList.forEach(ArrayList.java:1511)
at org.testng.TestRunner.privateRun(TestRunner.java:739)
at org.testng.TestRunner.run(TestRunner.java:614)
at org.testng.SuiteRunner.runTest(SuiteRunner.java:421)
at org.testng.SuiteRunner$SuiteWorker.run(SuiteRunner.java:463)
at org.testng.internal.thread.ThreadUtil.lambda$execute$0(ThreadUtil.java:64)
at java.base/java.util.concurrent.FutureTask.run(FutureTask.java:264)
at java.base/java.util.concurrent.ThreadPoolExecutor.runWorker(ThreadPoolExecutor.java:1136)
at java.base/java.util.concurrent.ThreadPoolExecutor$Worker.run(ThreadPoolExecutor.java:635)
at java.base/java.lang.Thread.run(Thread.java:842)
]]>
            </full-stacktrace>
          </exception> <!-- java.lang.AssertionError -->
          <reporter-output>
          </reporter-output>
        </test-method> <!-- LoginMethod -->
        <test-method is-config="true" signature="quit()[pri:0, instance:testCases.LoginPageTestCases@776aec5c]" started-at="2024-09-23T13:22:43 UTC" name="quit" finished-at="2024-09-23T13:22:44 UTC" duration-ms="701" status="PASS">
          <reporter-output>
          </reporter-output>
        </test-method> <!-- quit -->
      </class> <!-- testCases.LoginPageTestCases -->
    </test> <!-- Test1 -->
  </suite> <!-- Suite -->
</testng-results>
